<?xml version="1.0" encoding="UTF-8"?>
<testsuite name="SILab2Test" tests="1" skipped="0" failures="0" errors="0" timestamp="2023-05-17T21:38:15" hostname="DESKTOP-H2JGVPG" time="0.026">
  <properties/>
  <testcase name="everyBranchTest()" classname="SILab2Test" time="0.026"/>
  <system-out><![CDATA[]]></system-out>
  <system-err><![CDATA[]]></system-err>
</testsuite>
